# JRE version: Java(TM) SE Runtime Environment (8.0_121-b13) (build 1.8.0_121-b13)
# Java VM: Java HotSpot(TM) 64-Bit Server VM (25.121-b13 mixed mode windows-amd64 compressed oops)
Heap:
 PSYoungGen      total 498176K, used 159808K [0x000000076bd00000, 0x000000078f600000, 0x00000007c0000000)
  eden space 413696K, 26% used [0x000000076bd00000,0x00000007728efbc0,0x0000000785100000)
  from space 84480K, 58% used [0x0000000785100000,0x0000000788120490,0x000000078a380000)
  to   space 81408K, 0% used [0x000000078a680000,0x000000078a680000,0x000000078f600000)
 ParOldGen       total 142336K, used 89135K [0x00000006c3600000, 0x00000006cc100000, 0x000000076bd00000)
  object space 142336K, 62% used [0x00000006c3600000,0x00000006c8d0bd70,0x00000006cc100000)
 Metaspace       used 33984K, capacity 34948K, committed 35328K, reserved 1081344K
  class space    used 3723K, capacity 3970K, committed 4096K, reserved 1048576K
GC Heap History (10 events):
Event: 119.278 GC heap before
{Heap before GC invocations=12 (full 1):
 PSYoungGen      total 340992K, used 340984K [0x000000076bd00000, 0x0000000785800000, 0x00000007c0000000)
  eden space 288256K, 100% used [0x000000076bd00000,0x000000077d680000,0x000000077d680000)
  from space 52736K, 99% used [0x0000000781500000,0x000000078487e058,0x0000000784880000)
  to   space 64000K, 0% used [0x000000077d680000,0x000000077d680000,0x0000000781500000)
 ParOldGen       total 142336K, used 73471K [0x00000006c3600000, 0x00000006cc100000, 0x000000076bd00000)
  object space 142336K, 51% used [0x00000006c3600000,0x00000006c7dbfe38,0x00000006cc100000)
 Metaspace       used 32148K, capacity 33014K, committed 33280K, reserved 1079296K
  class space    used 3546K, capacity 3793K, committed 3840K, reserved 1048576K
Event: 119.522 GC heap after
Heap after GC invocations=12 (full 1):
 PSYoungGen      total 352256K, used 56722K [0x000000076bd00000, 0x0000000789400000, 0x00000007c0000000)
  eden space 288256K, 0% used [0x000000076bd00000,0x000000076bd00000,0x000000077d680000)
  from space 64000K, 88% used [0x000000077d680000,0x0000000780de4a10,0x0000000781500000)
  to   space 70656K, 0% used [0x0000000784f00000,0x0000000784f00000,0x0000000789400000)
 ParOldGen       total 142336K, used 89103K [0x00000006c3600000, 0x00000006cc100000, 0x000000076bd00000)
  object space 142336K, 62% used [0x00000006c3600000,0x00000006c8d03d70,0x00000006cc100000)
 Metaspace       used 32148K, capacity 33014K, committed 33280K, reserved 1079296K
  class space    used 3546K, capacity 3793K, committed 3840K, reserved 1048576K
}
Event: 120.805 GC heap before
{Heap before GC invocations=13 (full 1):
 PSYoungGen      total 352256K, used 344978K [0x000000076bd00000, 0x0000000789400000, 0x00000007c0000000)
  eden space 288256K, 100% used [0x000000076bd00000,0x000000077d680000,0x000000077d680000)
  from space 64000K, 88% used [0x000000077d680000,0x0000000780de4a10,0x0000000781500000)
  to   space 70656K, 0% used [0x0000000784f00000,0x0000000784f00000,0x0000000789400000)
 ParOldGen       total 142336K, used 89103K [0x00000006c3600000, 0x00000006cc100000, 0x000000076bd00000)
  object space 142336K, 62% used [0x00000006c3600000,0x00000006c8d03d70,0x00000006cc100000)
 Metaspace       used 32271K, capacity 33142K, committed 33280K, reserved 1079296K
  class space    used 3548K, capacity 3793K, committed 3840K, reserved 1048576K
Event: 120.882 GC heap after
Heap after GC invocations=13 (full 1):
 PSYoungGen      total 408064K, used 51882K [0x000000076bd00000, 0x000000078b100000, 0x00000007c0000000)
  eden space 337408K, 0% used [0x000000076bd00000,0x000000076bd00000,0x0000000780680000)
  from space 70656K, 73% used [0x0000000784f00000,0x00000007881aa8e8,0x0000000789400000)
  to   space 74240K, 0% used [0x0000000780680000,0x0000000780680000,0x0000000784f00000)
 ParOldGen       total 142336K, used 89111K [0x00000006c3600000, 0x00000006cc100000, 0x000000076bd00000)
  object space 142336K, 62% used [0x00000006c3600000,0x00000006c8d05d70,0x00000006cc100000)
 Metaspace       used 32271K, capacity 33142K, committed 33280K, reserved 1079296K
  class space    used 3548K, capacity 3793K, committed 3840K, reserved 1048576K
}
Event: 132.422 GC heap before
{Heap before GC invocations=14 (full 1):
 PSYoungGen      total 408064K, used 389290K [0x000000076bd00000, 0x000000078b100000, 0x00000007c0000000)
  eden space 337408K, 100% used [0x000000076bd00000,0x0000000780680000,0x0000000780680000)
  from space 70656K, 73% used [0x0000000784f00000,0x00000007881aa8e8,0x0000000789400000)
  to   space 74240K, 0% used [0x0000000780680000,0x0000000780680000,0x0000000784f00000)
 ParOldGen       total 142336K, used 89111K [0x00000006c3600000, 0x00000006cc100000, 0x000000076bd00000)
  object space 142336K, 62% used [0x00000006c3600000,0x00000006c8d05d70,0x00000006cc100000)
 Metaspace       used 32451K, capacity 33336K, committed 33536K, reserved 1079296K
  class space    used 3564K, capacity 3795K, committed 3840K, reserved 1048576K
Event: 132.546 GC heap after
Heap after GC invocations=14 (full 1):
 PSYoungGen      total 411648K, used 67909K [0x000000076bd00000, 0x000000078f780000, 0x00000007c0000000)
  eden space 337408K, 0% used [0x000000076bd00000,0x000000076bd00000,0x0000000780680000)
  from space 74240K, 91% used [0x0000000780680000,0x00000007848d1540,0x0000000784f00000)
  to   space 82944K, 0% used [0x000000078a680000,0x000000078a680000,0x000000078f780000)
 ParOldGen       total 142336K, used 89119K [0x00000006c3600000, 0x00000006cc100000, 0x000000076bd00000)
  object space 142336K, 62% used [0x00000006c3600000,0x00000006c8d07d70,0x00000006cc100000)
 Metaspace       used 32451K, capacity 33336K, committed 33536K, reserved 1079296K
  class space    used 3564K, capacity 3795K, committed 3840K, reserved 1048576K
}
Event: 142.560 GC heap before
{Heap before GC invocations=15 (full 1):
 PSYoungGen      total 411648K, used 405317K [0x000000076bd00000, 0x000000078f780000, 0x00000007c0000000)
  eden space 337408K, 100% used [0x000000076bd00000,0x0000000780680000,0x0000000780680000)
  from space 74240K, 91% used [0x0000000780680000,0x00000007848d1540,0x0000000784f00000)
  to   space 82944K, 0% used [0x000000078a680000,0x000000078a680000,0x000000078f780000)
 ParOldGen       total 142336K, used 89119K [0x00000006c3600000, 0x00000006cc100000, 0x000000076bd00000)
  object space 142336K, 62% used [0x00000006c3600000,0x00000006c8d07d70,0x00000006cc100000)
 Metaspace       used 33921K, capacity 34884K, committed 35072K, reserved 1081344K
  class space    used 3723K, capacity 3970K, committed 4096K, reserved 1048576K
Event: 142.692 GC heap after
Heap after GC invocations=15 (full 1):
 PSYoungGen      total 495104K, used 54763K [0x000000076bd00000, 0x000000078f600000, 0x00000007c0000000)
  eden space 413696K, 0% used [0x000000076bd00000,0x000000076bd00000,0x0000000785100000)
  from space 81408K, 67% used [0x000000078a680000,0x000000078dbfad60,0x000000078f600000)
  to   space 84480K, 0% used [0x0000000785100000,0x0000000785100000,0x000000078a380000)
 ParOldGen       total 142336K, used 89127K [0x00000006c3600000, 0x00000006cc100000, 0x000000076bd00000)
  object space 142336K, 62% used [0x00000006c3600000,0x00000006c8d09d70,0x00000006cc100000)
 Metaspace       used 33921K, capacity 34884K, committed 35072K, reserved 1081344K
  class space    used 3723K, capacity 3970K, committed 4096K, reserved 1048576K
}
Event: 144.276 GC heap before
{Heap before GC invocations=16 (full 1):
 PSYoungGen      total 495104K, used 468459K [0x000000076bd00000, 0x000000078f600000, 0x00000007c0000000)
  eden space 413696K, 100% used [0x000000076bd00000,0x0000000785100000,0x0000000785100000)
  from space 81408K, 67% used [0x000000078a680000,0x000000078dbfad60,0x000000078f600000)
  to   space 84480K, 0% used [0x0000000785100000,0x0000000785100000,0x000000078a380000)
 ParOldGen       total 142336K, used 89127K [0x00000006c3600000, 0x00000006cc100000, 0x000000076bd00000)
  object space 142336K, 62% used [0x00000006c3600000,0x00000006c8d09d70,0x00000006cc100000)
 Metaspace       used 33978K, capacity 34948K, committed 35328K, reserved 1081344K
  class space    used 3723K, capacity 3970K, committed 4096K, reserved 1048576K
Event: 146.355 GC heap after
Heap after GC invocations=16 (full 1):
 PSYoungGen      total 498176K, used 49281K [0x000000076bd00000, 0x000000078f600000, 0x00000007c0000000)
  eden space 413696K, 0% used [0x000000076bd00000,0x000000076bd00000,0x0000000785100000)
  from space 84480K, 58% used [0x0000000785100000,0x0000000788120490,0x000000078a380000)
  to   space 81408K, 0% used [0x000000078a680000,0x000000078a680000,0x000000078f600000)
 ParOldGen       total 142336K, used 89135K [0x00000006c3600000, 0x00000006cc100000, 0x000000076bd00000)
  object space 142336K, 62% used [0x00000006c3600000,0x00000006c8d0bd70,0x00000006cc100000)
 Metaspace       used 33978K, capacity 34948K, committed 35328K, reserved 1081344K
  class space    used 3723K, capacity 3970K, committed 4096K, reserved 1048576K
}

